  Activating project at `~/.julia/scratchspaces/96c49960-8378-4ad0-a9df-297e9ffd4de5/env`
   Resolving package versions...
    Updating `~/.julia/scratchspaces/96c49960-8378-4ad0-a9df-297e9ffd4de5/env/Project.toml`
  [96c49960] + Lazy v1.0.0-DEV `~/codes/Lazy.jl`
    Updating `~/.julia/scratchspaces/96c49960-8378-4ad0-a9df-297e9ffd4de5/env/Manifest.toml`
  [96c49960] + Lazy v1.0.0-DEV `~/codes/Lazy.jl`
    Updating registry at `~/.julia/registries/General.toml`
  No Changes to `~/.julia/scratchspaces/96c49960-8378-4ad0-a9df-297e9ffd4de5/env/Project.toml`
    Updating `~/.julia/scratchspaces/96c49960-8378-4ad0-a9df-297e9ffd4de5/env/Manifest.toml`
  [d8fb68d0] ↑ xkbcommon_jll v1.4.1+2 ⇒ v1.8.1+0
  Activating project at `~/codes/Lazy.jl`
ERROR: LoadError: MethodError: no method matching isless(::Int64, ::String)
The function `isless` exists, but no method is defined for this combination of argument types.

Closest candidates are:
  isless(!Matched::Missing, ::Any)
   @ Base missing.jl:87
  isless(::Any, !Matched::Missing)
   @ Base missing.jl:88
  isless(!Matched::AbstractString, ::AbstractString)
   @ Base strings/basic.jl:359
  ...

Stacktrace:
  [1] <(x::Int64, y::String)
    @ Base ./operators.jl:353
  [2] >(x::String, y::Int64)
    @ Base ./operators.jl:379
  [3] _entryfile_script_bash(m::Module, options::Comonicon.Configs.Comonicon)
    @ Comonicon.Builder ~/.julia/packages/Comonicon/F3QqZ/src/builder/install.jl:117
  [4] entryfile_script
    @ ~/.julia/packages/Comonicon/F3QqZ/src/builder/install.jl:103 [inlined]
  [5] #5
    @ ~/.julia/packages/Comonicon/F3QqZ/src/builder/install.jl:39 [inlined]
  [6] open(::Comonicon.Builder.var"#5#6"{Module, Comonicon.Configs.Comonicon}, ::String, ::Vararg{String}; kwargs::@Kwargs{})
    @ Base ./io.jl:410
  [7] open
    @ ./io.jl:407 [inlined]
  [8] install_entryfile(m::Module, options::Comonicon.Configs.Comonicon)
    @ Comonicon.Builder ~/.julia/packages/Comonicon/F3QqZ/src/builder/install.jl:38
  [9] install(m::Module, options::Comonicon.Configs.Comonicon)
    @ Comonicon.Builder ~/.julia/packages/Comonicon/F3QqZ/src/builder/install.jl:10
 [10] #2
    @ ~/.julia/packages/Comonicon/F3QqZ/src/builder/cli.jl:71 [inlined]
 [11] with_logstate(f::Comonicon.Builder.var"#2#3"{Module, Comonicon.Configs.Comonicon}, logstate::Base.CoreLogging.LogState)
    @ Base.CoreLogging ./logging/logging.jl:522
 [12] with_logger
    @ ./logging/logging.jl:632 [inlined]
 [13] command_main(m::Module, options::Comonicon.Configs.Comonicon)
    @ Comonicon.Builder ~/.julia/packages/Comonicon/F3QqZ/src/builder/cli.jl:70
 [14] #command_main#1
    @ ~/.julia/packages/Comonicon/F3QqZ/src/builder/cli.jl:56 [inlined]
 [15] command_main
    @ ~/.julia/packages/Comonicon/F3QqZ/src/builder/cli.jl:54 [inlined]
 [16] comonicon_install()
    @ Lazy ~/.julia/packages/Comonicon/F3QqZ/src/frontend/cast.jl:495
 [17] top-level scope
    @ ~/codes/Lazy.jl/deps/build.jl:1
 [18] include(fname::String)
    @ Main ./sysimg.jl:38
 [19] top-level scope
    @ none:5
in expression starting at /Users/hba423/codes/Lazy.jl/deps/build.jl:1
